<?xml version="1.0" encoding="UTF-8"?>
<testsuite name="test.xml.BeanFactoryTest" tests="1" skipped="0" failures="0" errors="0" timestamp="2022-12-24T08:23:29" hostname="USER-20161107TS" time="1.794">
  <properties/>
  <testcase name="testSimpleLoad()" classname="test.xml.BeanFactoryTest" time="1.794"/>
  <system-out><![CDATA[]]></system-out>
  <system-err><![CDATA[]]></system-err>
</testsuite>
